Building DAG of jobs...
Using shell: /bin/bash
Provided cores: 15
Rules claiming more threads will be scaled down.
Job counts:
	count	jobs
	1	all
	2	do_filter
	3

[Mon Jan 11 16:50:25 2021]
rule do_filter:
    input: results/depths/lowdepth/chr1_lowdepth.pos.gz, results/depths/lowdepth/chr2_lowdepth.pos.gz, results/depths/lowdepth/chr3_lowdepth.pos.gz, results/depths/lowdepth/chr4_lowdepth.pos.gz, results/depths/lowdepth/chr5_lowdepth.pos.gz, results/depths/lowdepth/chr6_lowdepth.pos.gz, results/depths/lowdepth/chr7_lowdepth.pos.gz, results/depths/lowdepth/chr8_lowdepth.pos.gz, results/depths/lowdepth/chr9_lowdepth.pos.gz, results/depths/lowdepth/chr10_lowdepth.pos.gz, results/depths/lowdepth/chr11_lowdepth.pos.gz, results/depths/lowdepth/chr12_lowdepth.pos.gz, results/depths/lowdepth/chr13_lowdepth.pos.gz, results/depths/lowdepth/chr14_lowdepth.pos.gz, results/depths/lowdepth/chr15_lowdepth.pos.gz, results/depths/lowdepth/chr16_lowdepth.pos.gz, results/depths/lowdepth/chr17_lowdepth.pos.gz, results/depths/lowdepth/chr18_lowdepth.pos.gz, results/depths/lowdepth.depthMedian
    output: results/bed/lowdepth_remove.bed
    log: results/bed/lowdepth_remove.log
    jobid: 2
    wildcards: group=lowdepth

python3 scripts/doDepthFilter.py results/depths/lowdepth results/depths/lowdepth.depthMedian /davidData/genis/references/pig/susscrofa_autosomes.list results/bed/lowdepth_remove

[Mon Jan 11 16:50:25 2021]
rule do_filter:
    input: results/depths/highdepth/chr1_highdepth.pos.gz, results/depths/highdepth/chr2_highdepth.pos.gz, results/depths/highdepth/chr3_highdepth.pos.gz, results/depths/highdepth/chr4_highdepth.pos.gz, results/depths/highdepth/chr5_highdepth.pos.gz, results/depths/highdepth/chr6_highdepth.pos.gz, results/depths/highdepth/chr7_highdepth.pos.gz, results/depths/highdepth/chr8_highdepth.pos.gz, results/depths/highdepth/chr9_highdepth.pos.gz, results/depths/highdepth/chr10_highdepth.pos.gz, results/depths/highdepth/chr11_highdepth.pos.gz, results/depths/highdepth/chr12_highdepth.pos.gz, results/depths/highdepth/chr13_highdepth.pos.gz, results/depths/highdepth/chr14_highdepth.pos.gz, results/depths/highdepth/chr15_highdepth.pos.gz, results/depths/highdepth/chr16_highdepth.pos.gz, results/depths/highdepth/chr17_highdepth.pos.gz, results/depths/highdepth/chr18_highdepth.pos.gz, results/depths/highdepth.depthMedian
    output: results/bed/highdepth_remove.bed
    log: results/bed/highdepth_remove.log
    jobid: 3
    wildcards: group=highdepth

python3 scripts/doDepthFilter.py results/depths/highdepth results/depths/highdepth.depthMedian /davidData/genis/references/pig/susscrofa_autosomes.list results/bed/highdepth_remove
[Mon Jan 11 16:50:26 2021]
Error in rule do_filter:
    jobid: 2
    output: results/bed/lowdepth_remove.bed
    log: results/bed/lowdepth_remove.log (check log file(s) for error message)
    shell:
        python3 scripts/doDepthFilter.py results/depths/lowdepth results/depths/lowdepth.depthMedian /davidData/genis/references/pig/susscrofa_autosomes.list results/bed/lowdepth_remove
        (one of the commands exited with non-zero exit code; note that snakemake uses bash strict mode!)

Removing output files of failed job do_filter since they might be corrupted:
results/bed/lowdepth_remove.bed
[Mon Jan 11 16:50:26 2021]
Error in rule do_filter:
    jobid: 3
    output: results/bed/highdepth_remove.bed
    log: results/bed/highdepth_remove.log (check log file(s) for error message)
    shell:
        python3 scripts/doDepthFilter.py results/depths/highdepth results/depths/highdepth.depthMedian /davidData/genis/references/pig/susscrofa_autosomes.list results/bed/highdepth_remove
        (one of the commands exited with non-zero exit code; note that snakemake uses bash strict mode!)

Removing output files of failed job do_filter since they might be corrupted:
results/bed/highdepth_remove.bed
Shutting down, this might take some time.
Exiting because a job execution failed. Look above for error message
Complete log: /home/genis/warthogs/genome_masks/depth/.snakemake/log/2021-01-11T165025.471106.snakemake.log
