Building DAG of jobs...
Using shell: /bin/bash
Provided cores: 15
Rules claiming more threads will be scaled down.
Job counts:
	count	jobs
	1	all
	15	do_depths
	16

[Mon Jan 11 09:36:45 2021]
rule do_depths:
    input: /home/genis/warthogs/filelist/highdepth.bamlist
    output: results/depths/highdepth/chr4_highdepth.depthGlobal, results/depths/highdepth/chr4_highdepth.pos.gz
    log: results/depths/highdepth/chr4_highdepth.arg
    jobid: 22
    wildcards: group=highdepth, chrr=chr4

/home/genis/software/angsd/angsd -doCounts 1 -doDepth 1 -dumpCounts 1 -maxdepth 5000 -minQ 30 -minMapQ 30 -r chr4 -bam /home/genis/warthogs/filelist/highdepth.bamlist -out results/depths/highdepth/chr4_highdepth

[Mon Jan 11 09:36:45 2021]
rule do_depths:
    input: /home/genis/warthogs/filelist/highdepth.bamlist
    output: results/depths/highdepth/chr16_highdepth.depthGlobal, results/depths/highdepth/chr16_highdepth.pos.gz
    log: results/depths/highdepth/chr16_highdepth.arg
    jobid: 34
    wildcards: group=highdepth, chrr=chr16

/home/genis/software/angsd/angsd -doCounts 1 -doDepth 1 -dumpCounts 1 -maxdepth 5000 -minQ 30 -minMapQ 30 -r chr16 -bam /home/genis/warthogs/filelist/highdepth.bamlist -out results/depths/highdepth/chr16_highdepth

[Mon Jan 11 09:36:45 2021]
rule do_depths:
    input: /home/genis/warthogs/filelist/highdepth.bamlist
    output: results/depths/highdepth/chr17_highdepth.depthGlobal, results/depths/highdepth/chr17_highdepth.pos.gz
    log: results/depths/highdepth/chr17_highdepth.arg
    jobid: 35
    wildcards: group=highdepth, chrr=chr17

/home/genis/software/angsd/angsd -doCounts 1 -doDepth 1 -dumpCounts 1 -maxdepth 5000 -minQ 30 -minMapQ 30 -r chr17 -bam /home/genis/warthogs/filelist/highdepth.bamlist -out results/depths/highdepth/chr17_highdepth

[Mon Jan 11 09:36:46 2021]
rule do_depths:
    input: /home/genis/warthogs/filelist/lowdepth.bamlist
    output: results/depths/lowdepth/chr3_lowdepth.depthGlobal, results/depths/lowdepth/chr3_lowdepth.pos.gz
    log: results/depths/lowdepth/chr3_lowdepth.arg
    jobid: 3
    wildcards: group=lowdepth, chrr=chr3

/home/genis/software/angsd/angsd -doCounts 1 -doDepth 1 -dumpCounts 1 -maxdepth 5000 -minQ 30 -minMapQ 30 -r chr3 -bam /home/genis/warthogs/filelist/lowdepth.bamlist -out results/depths/lowdepth/chr3_lowdepth

[Mon Jan 11 09:36:46 2021]
rule do_depths:
    input: /home/genis/warthogs/filelist/highdepth.bamlist
    output: results/depths/highdepth/chr12_highdepth.depthGlobal, results/depths/highdepth/chr12_highdepth.pos.gz
    log: results/depths/highdepth/chr12_highdepth.arg
    jobid: 30
    wildcards: group=highdepth, chrr=chr12

/home/genis/software/angsd/angsd -doCounts 1 -doDepth 1 -dumpCounts 1 -maxdepth 5000 -minQ 30 -minMapQ 30 -r chr12 -bam /home/genis/warthogs/filelist/highdepth.bamlist -out results/depths/highdepth/chr12_highdepth

[Mon Jan 11 09:36:46 2021]
rule do_depths:
    input: /home/genis/warthogs/filelist/lowdepth.bamlist
    output: results/depths/lowdepth/chr1_lowdepth.depthGlobal, results/depths/lowdepth/chr1_lowdepth.pos.gz
    log: results/depths/lowdepth/chr1_lowdepth.arg
    jobid: 1
    wildcards: group=lowdepth, chrr=chr1

/home/genis/software/angsd/angsd -doCounts 1 -doDepth 1 -dumpCounts 1 -maxdepth 5000 -minQ 30 -minMapQ 30 -r chr1 -bam /home/genis/warthogs/filelist/lowdepth.bamlist -out results/depths/lowdepth/chr1_lowdepth

[Mon Jan 11 09:36:46 2021]
rule do_depths:
    input: /home/genis/warthogs/filelist/highdepth.bamlist
    output: results/depths/highdepth/chr1_highdepth.depthGlobal, results/depths/highdepth/chr1_highdepth.pos.gz
    log: results/depths/highdepth/chr1_highdepth.arg
    jobid: 19
    wildcards: group=highdepth, chrr=chr1

/home/genis/software/angsd/angsd -doCounts 1 -doDepth 1 -dumpCounts 1 -maxdepth 5000 -minQ 30 -minMapQ 30 -r chr1 -bam /home/genis/warthogs/filelist/highdepth.bamlist -out results/depths/highdepth/chr1_highdepth

[Mon Jan 11 09:36:46 2021]
rule do_depths:
    input: /home/genis/warthogs/filelist/highdepth.bamlist
    output: results/depths/highdepth/chr3_highdepth.depthGlobal, results/depths/highdepth/chr3_highdepth.pos.gz
    log: results/depths/highdepth/chr3_highdepth.arg
    jobid: 21
    wildcards: group=highdepth, chrr=chr3

/home/genis/software/angsd/angsd -doCounts 1 -doDepth 1 -dumpCounts 1 -maxdepth 5000 -minQ 30 -minMapQ 30 -r chr3 -bam /home/genis/warthogs/filelist/highdepth.bamlist -out results/depths/highdepth/chr3_highdepth

[Mon Jan 11 09:36:46 2021]
rule do_depths:
    input: /home/genis/warthogs/filelist/highdepth.bamlist
    output: results/depths/highdepth/chr10_highdepth.depthGlobal, results/depths/highdepth/chr10_highdepth.pos.gz
    log: results/depths/highdepth/chr10_highdepth.arg
    jobid: 28
    wildcards: group=highdepth, chrr=chr10

/home/genis/software/angsd/angsd -doCounts 1 -doDepth 1 -dumpCounts 1 -maxdepth 5000 -minQ 30 -minMapQ 30 -r chr10 -bam /home/genis/warthogs/filelist/highdepth.bamlist -out results/depths/highdepth/chr10_highdepth

[Mon Jan 11 09:36:46 2021]
rule do_depths:
    input: /home/genis/warthogs/filelist/highdepth.bamlist
    output: results/depths/highdepth/chr11_highdepth.depthGlobal, results/depths/highdepth/chr11_highdepth.pos.gz
    log: results/depths/highdepth/chr11_highdepth.arg
    jobid: 29
    wildcards: group=highdepth, chrr=chr11

/home/genis/software/angsd/angsd -doCounts 1 -doDepth 1 -dumpCounts 1 -maxdepth 5000 -minQ 30 -minMapQ 30 -r chr11 -bam /home/genis/warthogs/filelist/highdepth.bamlist -out results/depths/highdepth/chr11_highdepth

[Mon Jan 11 09:36:46 2021]
rule do_depths:
    input: /home/genis/warthogs/filelist/highdepth.bamlist
    output: results/depths/highdepth/chr5_highdepth.depthGlobal, results/depths/highdepth/chr5_highdepth.pos.gz
    log: results/depths/highdepth/chr5_highdepth.arg
    jobid: 23
    wildcards: group=highdepth, chrr=chr5

/home/genis/software/angsd/angsd -doCounts 1 -doDepth 1 -dumpCounts 1 -maxdepth 5000 -minQ 30 -minMapQ 30 -r chr5 -bam /home/genis/warthogs/filelist/highdepth.bamlist -out results/depths/highdepth/chr5_highdepth

[Mon Jan 11 09:36:46 2021]
rule do_depths:
    input: /home/genis/warthogs/filelist/highdepth.bamlist
    output: results/depths/highdepth/chr18_highdepth.depthGlobal, results/depths/highdepth/chr18_highdepth.pos.gz
    log: results/depths/highdepth/chr18_highdepth.arg
    jobid: 36
    wildcards: group=highdepth, chrr=chr18

/home/genis/software/angsd/angsd -doCounts 1 -doDepth 1 -dumpCounts 1 -maxdepth 5000 -minQ 30 -minMapQ 30 -r chr18 -bam /home/genis/warthogs/filelist/highdepth.bamlist -out results/depths/highdepth/chr18_highdepth

[Mon Jan 11 09:36:47 2021]
rule do_depths:
    input: /home/genis/warthogs/filelist/lowdepth.bamlist
    output: results/depths/lowdepth/chr6_lowdepth.depthGlobal, results/depths/lowdepth/chr6_lowdepth.pos.gz
    log: results/depths/lowdepth/chr6_lowdepth.arg
    jobid: 6
    wildcards: group=lowdepth, chrr=chr6

/home/genis/software/angsd/angsd -doCounts 1 -doDepth 1 -dumpCounts 1 -maxdepth 5000 -minQ 30 -minMapQ 30 -r chr6 -bam /home/genis/warthogs/filelist/lowdepth.bamlist -out results/depths/lowdepth/chr6_lowdepth

[Mon Jan 11 09:36:47 2021]
rule do_depths:
    input: /home/genis/warthogs/filelist/highdepth.bamlist
    output: results/depths/highdepth/chr6_highdepth.depthGlobal, results/depths/highdepth/chr6_highdepth.pos.gz
    log: results/depths/highdepth/chr6_highdepth.arg
    jobid: 24
    wildcards: group=highdepth, chrr=chr6

/home/genis/software/angsd/angsd -doCounts 1 -doDepth 1 -dumpCounts 1 -maxdepth 5000 -minQ 30 -minMapQ 30 -r chr6 -bam /home/genis/warthogs/filelist/highdepth.bamlist -out results/depths/highdepth/chr6_highdepth

[Mon Jan 11 09:36:47 2021]
rule do_depths:
    input: /home/genis/warthogs/filelist/highdepth.bamlist
    output: results/depths/highdepth/chr7_highdepth.depthGlobal, results/depths/highdepth/chr7_highdepth.pos.gz
    log: results/depths/highdepth/chr7_highdepth.arg
    jobid: 25
    wildcards: group=highdepth, chrr=chr7

/home/genis/software/angsd/angsd -doCounts 1 -doDepth 1 -dumpCounts 1 -maxdepth 5000 -minQ 30 -minMapQ 30 -r chr7 -bam /home/genis/warthogs/filelist/highdepth.bamlist -out results/depths/highdepth/chr7_highdepth
[Mon Jan 11 09:43:59 2021]
Finished job 30.
1 of 16 steps (6%) done
[Mon Jan 11 09:44:38 2021]
Finished job 35.
2 of 16 steps (12%) done
[Mon Jan 11 09:44:52 2021]
Finished job 29.
3 of 16 steps (19%) done
[Mon Jan 11 09:45:41 2021]
Finished job 36.
4 of 16 steps (25%) done
[Mon Jan 11 09:45:59 2021]
Finished job 28.
5 of 16 steps (31%) done
[Mon Jan 11 09:46:13 2021]
Finished job 34.
6 of 16 steps (38%) done
[Mon Jan 11 09:49:23 2021]
Finished job 23.
7 of 16 steps (44%) done
[Mon Jan 11 09:50:32 2021]
Finished job 25.
8 of 16 steps (50%) done
[Mon Jan 11 09:50:41 2021]
Finished job 22.
9 of 16 steps (56%) done
[Mon Jan 11 09:54:38 2021]
Finished job 21.
10 of 16 steps (62%) done
[Mon Jan 11 09:56:37 2021]
Finished job 24.
11 of 16 steps (69%) done
[Mon Jan 11 10:05:55 2021]
Finished job 19.
12 of 16 steps (75%) done
[Mon Jan 11 10:33:26 2021]
Finished job 3.
13 of 16 steps (81%) done
[Mon Jan 11 10:35:09 2021]
Finished job 6.
14 of 16 steps (88%) done
[Mon Jan 11 10:52:42 2021]
Finished job 1.
15 of 16 steps (94%) done

[Mon Jan 11 10:52:42 2021]
localrule all:
    input: results/depths/lowdepth/chr1_lowdepth.depthGlobal, results/depths/lowdepth/chr2_lowdepth.depthGlobal, results/depths/lowdepth/chr3_lowdepth.depthGlobal, results/depths/lowdepth/chr4_lowdepth.depthGlobal, results/depths/lowdepth/chr5_lowdepth.depthGlobal, results/depths/lowdepth/chr6_lowdepth.depthGlobal, results/depths/lowdepth/chr7_lowdepth.depthGlobal, results/depths/lowdepth/chr8_lowdepth.depthGlobal, results/depths/lowdepth/chr9_lowdepth.depthGlobal, results/depths/lowdepth/chr10_lowdepth.depthGlobal, results/depths/lowdepth/chr11_lowdepth.depthGlobal, results/depths/lowdepth/chr12_lowdepth.depthGlobal, results/depths/lowdepth/chr13_lowdepth.depthGlobal, results/depths/lowdepth/chr14_lowdepth.depthGlobal, results/depths/lowdepth/chr15_lowdepth.depthGlobal, results/depths/lowdepth/chr16_lowdepth.depthGlobal, results/depths/lowdepth/chr17_lowdepth.depthGlobal, results/depths/lowdepth/chr18_lowdepth.depthGlobal, results/depths/highdepth/chr1_highdepth.depthGlobal, results/depths/highdepth/chr2_highdepth.depthGlobal, results/depths/highdepth/chr3_highdepth.depthGlobal, results/depths/highdepth/chr4_highdepth.depthGlobal, results/depths/highdepth/chr5_highdepth.depthGlobal, results/depths/highdepth/chr6_highdepth.depthGlobal, results/depths/highdepth/chr7_highdepth.depthGlobal, results/depths/highdepth/chr8_highdepth.depthGlobal, results/depths/highdepth/chr9_highdepth.depthGlobal, results/depths/highdepth/chr10_highdepth.depthGlobal, results/depths/highdepth/chr11_highdepth.depthGlobal, results/depths/highdepth/chr12_highdepth.depthGlobal, results/depths/highdepth/chr13_highdepth.depthGlobal, results/depths/highdepth/chr14_highdepth.depthGlobal, results/depths/highdepth/chr15_highdepth.depthGlobal, results/depths/highdepth/chr16_highdepth.depthGlobal, results/depths/highdepth/chr17_highdepth.depthGlobal, results/depths/highdepth/chr18_highdepth.depthGlobal
    jobid: 0

[Mon Jan 11 10:52:42 2021]
Finished job 0.
16 of 16 steps (100%) done
Complete log: /home/genis/warthogs/genome_masks/depth/.snakemake/log/2021-01-11T093645.187578.snakemake.log
