Building DAG of jobs...
Using shell: /bin/bash
Provided cores: 1 (use --cores to define parallelism)
Rules claiming more threads will be scaled down.
Job counts:
	count	jobs
	1	all
	1	plot_depths
	2

[Mon Jan 11 11:44:25 2021]
rule plot_depths:
    input: results/depths/all_lowdepth.depthGlobal, results/depths/all_highdepth.depthGlobal, results/depths/lowdepth.depthMedian, results/depths/highdepth.depthMedian
    output: results/plots/depthFilter.png
    jobid: 1

[Mon Jan 11 11:44:26 2021]
Finished job 1.
1 of 2 steps (50%) done

[Mon Jan 11 11:44:26 2021]
localrule all:
    input: results/plots/depthFilter.png
    jobid: 0

[Mon Jan 11 11:44:26 2021]
Finished job 0.
2 of 2 steps (100%) done
Complete log: /home/genis/warthogs/genome_masks/depth/.snakemake/log/2021-01-11T114425.833198.snakemake.log
